In file included from /media/KINGSTON/Projects/Testbed/MatrixTemplate/main.cpp:1:
/media/KINGSTON/Projects/Testbed/MatrixTemplate/../../MathLib/MatrixTemplate/MatrixObject.h: In function ‘std::ostream& MathLibTemplate::operator<<(std::ostream&, const MathLibTemplate::Matrix<U>&) [with U = float, T = float]’:
/media/KINGSTON/Projects/Testbed/MatrixTemplate/main.cpp:27:   instantiated from here
/media/KINGSTON/Projects/Testbed/MatrixTemplate/../../MathLib/MatrixTemplate/MatrixObject.h:165: error: passing ‘const MathLibTemplate::Matrix<float>’ as ‘this’ argument of ‘MatrixIterator MathLibTemplate::Matrix<T>::Begin() [with T = float]’ discards qualifiers
/media/KINGSTON/Projects/Testbed/MatrixTemplate/main.cpp:27:   instantiated from here
/media/KINGSTON/Projects/Testbed/MatrixTemplate/../../MathLib/MatrixTemplate/MatrixObject.h:165: error: passing ‘const MathLibTemplate::Matrix<float>’ as ‘this’ argument of ‘MatrixIterator MathLibTemplate::Matrix<T>::Begin() [with T = float]’ discards qualifiers
/media/KINGSTON/Projects/Testbed/MatrixTemplate/../../MathLib/MatrixTemplate/MatrixObject.h: In function ‘MathLibTemplate::Matrix<U> MathLibTemplate::operator*(const U&, const MathLibTemplate::Matrix<U>&) [with U = float, T = float]’:
/media/KINGSTON/Projects/Testbed/MatrixTemplate/main.cpp:28:   instantiated from here
/media/KINGSTON/Projects/Testbed/MatrixTemplate/../../MathLib/MatrixTemplate/MatrixObject.h:155: error: passing ‘const MathLibTemplate::Matrix<float>’ as ‘this’ argument of ‘const MathLibTemplate::Matrix<T> MathLibTemplate::Matrix<T>::operator*(const T&) [with T = float]’ discards qualifiers
/media/KINGSTON/Projects/Testbed/MatrixTemplate/../../MathLib/MatrixTemplate/MatrixObject.h: In function ‘MathLibTemplate::Matrix<U> MathLibTemplate::operator^(const MathLibTemplate::Matrix<U>&, const char&) [with U = float, T = float]’:
/media/KINGSTON/Projects/Testbed/MatrixTemplate/main.cpp:41:   instantiated from here
/media/KINGSTON/Projects/Testbed/MatrixTemplate/../../MathLib/MatrixTemplate/MatrixObject.h:184: error: passing ‘const MathLibTemplate::Matrix<float>’ as ‘this’ argument of ‘ConstMatrixIterator MathLibTemplate::Matrix<T>::Const_Begin() [with T = float]’ discards qualifiers
/media/KINGSTON/Projects/Testbed/MatrixTemplate/main.cpp:41:   instantiated from here
/media/KINGSTON/Projects/Testbed/MatrixTemplate/../../MathLib/MatrixTemplate/MatrixObject.h:190: error: invalid use of incomplete type ‘struct T’
/media/KINGSTON/Projects/Testbed/MatrixTemplate/../../MathLib/MatrixTemplate/MatrixObject.h:18: error: forward declaration of ‘struct T’
/media/KINGSTON/Projects/Testbed/MatrixTemplate/../../MathLib/MatrixTemplate/MatrixObject.h: In function ‘MathLibTemplate::Matrix<U> MathLibTemplate::SIG(const MathLibTemplate::Matrix<U>&, const U&) [with U = float, T = float]’:
/media/KINGSTON/Projects/Testbed/MatrixTemplate/main.cpp:48:   instantiated from here
/media/KINGSTON/Projects/Testbed/MatrixTemplate/../../MathLib/MatrixTemplate/MatrixObject.h:200: error: cannot declare variable ‘sig_f’ to be of abstract type ‘MathLibTemplate::sigmoid_functor<float>’
/media/KINGSTON/Projects/Testbed/MatrixTemplate/../../MathLib/MatrixTemplate/MatrixObject.h:45: note:   because the following virtual functions are pure within ‘MathLibTemplate::sigmoid_functor<float>’:
/media/KINGSTON/Projects/Testbed/MatrixTemplate/../../MathLib/MatrixTemplate/MatrixObject.h:31: note: 	T MathLibTemplate::template_functor<T>::operator()(T&) [with T = float]
/media/KINGSTON/Projects/Testbed/MatrixTemplate/main.cpp:48:   instantiated from here
/media/KINGSTON/Projects/Testbed/MatrixTemplate/../../MathLib/MatrixTemplate/MatrixObject.h:202: error: passing ‘const MathLibTemplate::Matrix<float>’ as ‘this’ argument of ‘MatrixIterator MathLibTemplate::Matrix<T>::Begin() [with T = float]’ discards qualifiers
/media/KINGSTON/Projects/Testbed/MatrixTemplate/../../MathLib/MatrixTemplate/MatrixObject.h:202: error: cannot allocate an object of abstract type ‘MathLibTemplate::sigmoid_functor<float>’
/media/KINGSTON/Projects/Testbed/MatrixTemplate/../../MathLib/MatrixTemplate/MatrixObject.h:45: note:   since type ‘MathLibTemplate::sigmoid_functor<float>’ has pure virtual functions
In file included from /media/KINGSTON/Projects/Testbed/MatrixTemplate/main.cpp:1:
/media/KINGSTON/Projects/Testbed/MatrixTemplate/../../MathLib/MatrixTemplate/MatrixObject.h: In function ‘MathLibTemplate::Matrix<U> MathLibTemplate::DSIG(const MathLibTemplate::Matrix<U>&, const U&) [with U = float, T = float]’:
/media/KINGSTON/Projects/Testbed/MatrixTemplate/main.cpp:55:   instantiated from here
/media/KINGSTON/Projects/Testbed/MatrixTemplate/../../MathLib/MatrixTemplate/MatrixObject.h:209: error: cannot declare variable ‘dsig_f’ to be of abstract type ‘MathLibTemplate::dsigmoid_functor<float>’
/media/KINGSTON/Projects/Testbed/MatrixTemplate/../../MathLib/MatrixTemplate/MatrixObject.h:65: note:   because the following virtual functions are pure within ‘MathLibTemplate::dsigmoid_functor<float>’:
/media/KINGSTON/Projects/Testbed/MatrixTemplate/../../MathLib/MatrixTemplate/MatrixObject.h:31: note: 	T MathLibTemplate::template_functor<T>::operator()(T&) [with T = float]
/media/KINGSTON/Projects/Testbed/MatrixTemplate/../../MathLib/MatrixTemplate/MatrixObject.h:211: error: passing ‘const MathLibTemplate::Matrix<float>’ as ‘this’ argument of ‘MatrixIterator MathLibTemplate::Matrix<T>::Begin() [with T = float]’ discards qualifiers
/media/KINGSTON/Projects/Testbed/MatrixTemplate/../../MathLib/MatrixTemplate/MatrixObject.h:211: error: cannot allocate an object of abstract type ‘MathLibTemplate::dsigmoid_functor<float>’
/media/KINGSTON/Projects/Testbed/MatrixTemplate/../../MathLib/MatrixTemplate/MatrixObject.h:65: note:   since type ‘MathLibTemplate::dsigmoid_functor<float>’ has pure virtual functions
/media/KINGSTON/Projects/Testbed/MatrixTemplate/../../MathLib/MatrixTemplate/MatrixObject.h: In function ‘MathLibTemplate::Matrix<U> MathLibTemplate::ERR(const MathLibTemplate::Matrix<U>&, const MathLibTemplate::Matrix<U>&) [with U = float, T = float]’:
/media/KINGSTON/Projects/Testbed/MatrixTemplate/main.cpp:63:   instantiated from here
/media/KINGSTON/Projects/Testbed/MatrixTemplate/../../MathLib/MatrixTemplate/MatrixObject.h:226: error: passing ‘const MathLibTemplate::Matrix<float>’ as ‘this’ argument of ‘MatrixIterator MathLibTemplate::Matrix<T>::Begin() [with T = float]’ discards qualifiers
/media/KINGSTON/Projects/Testbed/MatrixTemplate/../../MathLib/MatrixTemplate/MatrixObject.h:226: error: passing ‘const MathLibTemplate::Matrix<float>’ as ‘this’ argument of ‘MatrixIterator MathLibTemplate::Matrix<T>::Begin() [with T = float]’ discards qualifiers
/media/KINGSTON/Projects/Testbed/MatrixTemplate/../../MathLib/MatrixTemplate/MatrixObject.h:226: error: no matching function for call to ‘transform(MatrixIterator, MatrixIterator, MatrixIterator, MatrixIterator, <unresolved overloaded function type>)’
/media/KINGSTON/Projects/Testbed/MatrixTemplate/../../MathLib/MatrixTemplate/MatrixObject.h: In function ‘MathLibTemplate::Matrix<U> MathLibTemplate::COMP(const MathLibTemplate::Matrix<U>&, const MathLibTemplate::Matrix<U>&) [with U = float, T = float]’:
/media/KINGSTON/Projects/Testbed/MatrixTemplate/main.cpp:71:   instantiated from here
/media/KINGSTON/Projects/Testbed/MatrixTemplate/../../MathLib/MatrixTemplate/MatrixObject.h:241: error: passing ‘const MathLibTemplate::Matrix<float>’ as ‘this’ argument of ‘MatrixIterator MathLibTemplate::Matrix<T>::Begin() [with T = float]’ discards qualifiers
/media/KINGSTON/Projects/Testbed/MatrixTemplate/../../MathLib/MatrixTemplate/MatrixObject.h:241: error: passing ‘const MathLibTemplate::Matrix<float>’ as ‘this’ argument of ‘MatrixIterator MathLibTemplate::Matrix<T>::Begin() [with T = float]’ discards qualifiers
/media/KINGSTON/Projects/Testbed/MatrixTemplate/../../MathLib/MatrixTemplate/MatrixObject.h: In function ‘MathLibTemplate::Matrix<U> MathLibTemplate::KRO(const MathLibTemplate::Matrix<U>&, const MathLibTemplate::Matrix<U>&) [with U = float, T = float]’:
/media/KINGSTON/Projects/Testbed/MatrixTemplate/main.cpp:79:   instantiated from here
/media/KINGSTON/Projects/Testbed/MatrixTemplate/../../MathLib/MatrixTemplate/MatrixObject.h:248: error: base operand of ‘->’ has non-pointer type ‘const MathLibTemplate::Matrix<float>’
/media/KINGSTON/Projects/Testbed/MatrixTemplate/../../MathLib/MatrixTemplate/MatrixObject.h: In function ‘const U MathLibTemplate::SUM(const MathLibTemplate::Matrix<U>&) [with U = float, T = float]’:
/media/KINGSTON/Projects/Testbed/MatrixTemplate/main.cpp:94:   instantiated from here
/media/KINGSTON/Projects/Testbed/MatrixTemplate/../../MathLib/MatrixTemplate/MatrixObject.h:274: error: passing ‘const MathLibTemplate::Matrix<float>’ as ‘this’ argument of ‘MatrixIterator MathLibTemplate::Matrix<T>::Begin() [with T = float]’ discards qualifiers
/media/KINGSTON/Projects/Testbed/MatrixTemplate/../../MathLib/MatrixTemplate/MatrixObject.h:274: error: passing ‘const MathLibTemplate::Matrix<float>’ as ‘this’ argument of ‘MatrixIterator MathLibTemplate::Matrix<T>::End() [with T = float]’ discards qualifiers
/media/KINGSTON/Projects/Testbed/MatrixTemplate/../../MathLib/MatrixTemplate/MatrixObject.h: In member function ‘MatrixIterator MathLibTemplate::Matrix<T>::Begin() [with T = float]’:
/media/KINGSTON/Projects/Testbed/MatrixTemplate/../../MathLib/MatrixTemplate/MatrixObject.h:165:   instantiated from ‘std::ostream& MathLibTemplate::operator<<(std::ostream&, const MathLibTemplate::Matrix<U>&) [with U = float, T = float]’
/media/KINGSTON/Projects/Testbed/MatrixTemplate/main.cpp:27:   instantiated from here
/media/KINGSTON/Projects/Testbed/MatrixTemplate/../../MathLib/MatrixTemplate/MatrixObject.h:311: error: conversion from ‘__gnu_cxx::__normal_iterator<float*, std::vector<float, std::allocator<float> > >’ to non-scalar type ‘MatrixIterator’ requested
In file included from /usr/include/c++/4.4/bits/stl_algobase.h:69,
                 from /usr/include/c++/4.4/bits/char_traits.h:41,
                 from /usr/include/c++/4.4/ios:41,
                 from /usr/include/c++/4.4/ostream:40,
                 from /usr/include/c++/4.4/iostream:40,
                 from /media/KINGSTON/Projects/Testbed/MatrixTemplate/../../MathLib/MatrixTemplate/MatrixObject.h:4,
                 from /media/KINGSTON/Projects/Testbed/MatrixTemplate/main.cpp:1:
/usr/include/c++/4.4/bits/stl_iterator.h: In member function ‘__gnu_cxx::__normal_iterator<_Iterator, _Container> __gnu_cxx::__normal_iterator<_Iterator, _Container>::operator+(const typename std::iterator_traits<_Iter>::difference_type&) const [with _Iterator = T*, _Container = std::vector<T, std::allocator<T> >]’:
/media/KINGSTON/Projects/Testbed/MatrixTemplate/../../MathLib/MatrixTemplate/MatrixObject.h:165:   instantiated from ‘std::ostream& MathLibTemplate::operator<<(std::ostream&, const MathLibTemplate::Matrix<U>&) [with U = float, T = float]’
/media/KINGSTON/Projects/Testbed/MatrixTemplate/main.cpp:27:   instantiated from here
/usr/include/c++/4.4/bits/stl_iterator.h:739: error: invalid use of incomplete type ‘struct T’
/media/KINGSTON/Projects/Testbed/MatrixTemplate/../../MathLib/MatrixTemplate/MatrixObject.h:18: error: forward declaration of ‘struct T’
In file included from /media/KINGSTON/Projects/Testbed/MatrixTemplate/main.cpp:1:
/media/KINGSTON/Projects/Testbed/MatrixTemplate/../../MathLib/MatrixTemplate/MatrixObject.h: In member function ‘ConstMatrixIterator MathLibTemplate::Matrix<T>::Const_Begin() [with T = float]’:
/media/KINGSTON/Projects/Testbed/MatrixTemplate/../../MathLib/MatrixTemplate/MatrixObject.h:184:   instantiated from ‘MathLibTemplate::Matrix<U> MathLibTemplate::operator^(const MathLibTemplate::Matrix<U>&, const char&) [with U = float, T = float]’
/media/KINGSTON/Projects/Testbed/MatrixTemplate/main.cpp:41:   instantiated from here
/media/KINGSTON/Projects/Testbed/MatrixTemplate/../../MathLib/MatrixTemplate/MatrixObject.h:314: error: conversion from ‘__gnu_cxx::__normal_iterator<float*, std::vector<float, std::allocator<float> > >’ to non-scalar type ‘ConstMatrixIterator’ requested
In file included from /usr/include/c++/4.4/bits/stl_algobase.h:69,
                 from /usr/include/c++/4.4/bits/char_traits.h:41,
                 from /usr/include/c++/4.4/ios:41,
                 from /usr/include/c++/4.4/ostream:40,
                 from /usr/include/c++/4.4/iostream:40,
                 from /media/KINGSTON/Projects/Testbed/MatrixTemplate/../../MathLib/MatrixTemplate/MatrixObject.h:4,
                 from /media/KINGSTON/Projects/Testbed/MatrixTemplate/main.cpp:1:
/usr/include/c++/4.4/bits/stl_iterator.h: In member function ‘__gnu_cxx::__normal_iterator<_Iterator, _Container> __gnu_cxx::__normal_iterator<_Iterator, _Container>::operator+(const typename std::iterator_traits<_Iter>::difference_type&) const [with _Iterator = const T*, _Container = std::vector<T, std::allocator<T> >]’:
/media/KINGSTON/Projects/Testbed/MatrixTemplate/../../MathLib/MatrixTemplate/MatrixObject.h:184:   instantiated from ‘MathLibTemplate::Matrix<U> MathLibTemplate::operator^(const MathLibTemplate::Matrix<U>&, const char&) [with U = float, T = float]’
/media/KINGSTON/Projects/Testbed/MatrixTemplate/main.cpp:41:   instantiated from here
/usr/include/c++/4.4/bits/stl_iterator.h:739: error: invalid use of incomplete type ‘struct T’
/media/KINGSTON/Projects/Testbed/MatrixTemplate/../../MathLib/MatrixTemplate/MatrixObject.h:18: error: forward declaration of ‘struct T’
/usr/include/c++/4.4/bits/stl_iterator.h: In member function ‘__gnu_cxx::__normal_iterator<_Iterator, _Container>& __gnu_cxx::__normal_iterator<_Iterator, _Container>::operator+=(const typename std::iterator_traits<_Iter>::difference_type&) [with _Iterator = const T*, _Container = std::vector<T, std::allocator<T> >]’:
/media/KINGSTON/Projects/Testbed/MatrixTemplate/../../MathLib/MatrixTemplate/MatrixObject.h:185:   instantiated from ‘MathLibTemplate::Matrix<U> MathLibTemplate::operator^(const MathLibTemplate::Matrix<U>&, const char&) [with U = float, T = float]’
/media/KINGSTON/Projects/Testbed/MatrixTemplate/main.cpp:41:   instantiated from here
/usr/include/c++/4.4/bits/stl_iterator.h:735: error: invalid use of incomplete type ‘struct T’
/media/KINGSTON/Projects/Testbed/MatrixTemplate/../../MathLib/MatrixTemplate/MatrixObject.h:18: error: forward declaration of ‘struct T’
/usr/include/c++/4.4/bits/stl_iterator.h: In member function ‘__gnu_cxx::__normal_iterator<_Iterator, _Container>& __gnu_cxx::__normal_iterator<_Iterator, _Container>::operator++() [with _Iterator = T*, _Container = std::vector<T, std::allocator<T> >]’:
/media/KINGSTON/Projects/Testbed/MatrixTemplate/../../MathLib/MatrixTemplate/MatrixObject.h:185:   instantiated from ‘MathLibTemplate::Matrix<U> MathLibTemplate::operator^(const MathLibTemplate::Matrix<U>&, const char&) [with U = float, T = float]’
/media/KINGSTON/Projects/Testbed/MatrixTemplate/main.cpp:41:   instantiated from here
/usr/include/c++/4.4/bits/stl_iterator.h:708: error: cannot increment a pointer to incomplete type ‘T’
In file included from /media/KINGSTON/Projects/Testbed/MatrixTemplate/main.cpp:1:
/media/KINGSTON/Projects/Testbed/MatrixTemplate/../../MathLib/MatrixTemplate/MatrixObject.h: In member function ‘MatrixIterator MathLibTemplate::Matrix<T>::End() [with T = float]’:
/media/KINGSTON/Projects/Testbed/MatrixTemplate/../../MathLib/MatrixTemplate/MatrixObject.h:202:   instantiated from ‘MathLibTemplate::Matrix<U> MathLibTemplate::SIG(const MathLibTemplate::Matrix<U>&, const U&) [with U = float, T = float]’
/media/KINGSTON/Projects/Testbed/MatrixTemplate/main.cpp:48:   instantiated from here
/media/KINGSTON/Projects/Testbed/MatrixTemplate/../../MathLib/MatrixTemplate/MatrixObject.h:316: error: conversion from ‘__gnu_cxx::__normal_iterator<float*, std::vector<float, std::allocator<float> > >’ to non-scalar type ‘MatrixIterator’ requested
In file included from /usr/include/c++/4.4/algorithm:62,
                 from /media/KINGSTON/Projects/Testbed/MatrixTemplate/../../MathLib/MatrixTemplate/MatrixObject.h:10,
                 from /media/KINGSTON/Projects/Testbed/MatrixTemplate/main.cpp:1:
/usr/include/c++/4.4/bits/stl_algo.h: In function ‘_OIter std::transform(_IIter, _IIter, _OIter, _UnaryOperation) [with _IIter = __gnu_cxx::__normal_iterator<T*, std::vector<T, std::allocator<T> > >, _OIter = __gnu_cxx::__normal_iterator<T*, std::vector<T, std::allocator<T> > >, _UnaryOperation = MathLibTemplate::sigmoid_functor<float>]’:
/media/KINGSTON/Projects/Testbed/MatrixTemplate/../../MathLib/MatrixTemplate/MatrixObject.h:202:   instantiated from ‘MathLibTemplate::Matrix<U> MathLibTemplate::SIG(const MathLibTemplate::Matrix<U>&, const U&) [with U = float, T = float]’
/media/KINGSTON/Projects/Testbed/MatrixTemplate/main.cpp:48:   instantiated from here
/usr/include/c++/4.4/bits/stl_algo.h:4703: error: no match for call to ‘(MathLibTemplate::sigmoid_functor<float>) (T&)’
/media/KINGSTON/Projects/Testbed/MatrixTemplate/../../MathLib/MatrixTemplate/MatrixObject.h:53: note: candidates are: T MathLibTemplate::sigmoid_functor<T>::operator()(const T&) [with T = float]
/usr/include/c++/4.4/bits/stl_algo.h: In function ‘_OIter std::transform(_IIter, _IIter, _OIter, _UnaryOperation) [with _IIter = __gnu_cxx::__normal_iterator<T*, std::vector<T, std::allocator<T> > >, _OIter = __gnu_cxx::__normal_iterator<T*, std::vector<T, std::allocator<T> > >, _UnaryOperation = MathLibTemplate::dsigmoid_functor<float>]’:
/media/KINGSTON/Projects/Testbed/MatrixTemplate/../../MathLib/MatrixTemplate/MatrixObject.h:211:   instantiated from ‘MathLibTemplate::Matrix<U> MathLibTemplate::DSIG(const MathLibTemplate::Matrix<U>&, const U&) [with U = float, T = float]’
/media/KINGSTON/Projects/Testbed/MatrixTemplate/main.cpp:55:   instantiated from here
/usr/include/c++/4.4/bits/stl_algo.h:4703: error: no match for call to ‘(MathLibTemplate::dsigmoid_functor<float>) (T&)’
/media/KINGSTON/Projects/Testbed/MatrixTemplate/../../MathLib/MatrixTemplate/MatrixObject.h:73: note: candidates are: T MathLibTemplate::dsigmoid_functor<T>::operator()(const T&) [with T = float]
/usr/include/c++/4.4/bits/stl_algo.h: In function ‘_OIter std::transform(_IIter1, _IIter1, _IIter2, _OIter, _BinaryOperation) [with _IIter1 = __gnu_cxx::__normal_iterator<T*, std::vector<T, std::allocator<T> > >, _IIter2 = __gnu_cxx::__normal_iterator<T*, std::vector<T, std::allocator<T> > >, _OIter = __gnu_cxx::__normal_iterator<T*, std::vector<T, std::allocator<T> > >, _BinaryOperation = std::multiplies<float>]’:
/media/KINGSTON/Projects/Testbed/MatrixTemplate/../../MathLib/MatrixTemplate/MatrixObject.h:241:   instantiated from ‘MathLibTemplate::Matrix<U> MathLibTemplate::COMP(const MathLibTemplate::Matrix<U>&, const MathLibTemplate::Matrix<U>&) [with U = float, T = float]’
/media/KINGSTON/Projects/Testbed/MatrixTemplate/main.cpp:71:   instantiated from here
/usr/include/c++/4.4/bits/stl_algo.h:4741: error: no match for call to ‘(std::multiplies<float>) (T&, T&)’
/usr/include/c++/4.4/bits/stl_function.h:156: note: candidates are: _Tp std::multiplies<_Tp>::operator()(const _Tp&, const _Tp&) const [with _Tp = float]
In file included from /usr/include/c++/4.4/numeric:63,
                 from /media/KINGSTON/Projects/Testbed/MatrixTemplate/../../MathLib/MatrixTemplate/MatrixObject.h:11,
                 from /media/KINGSTON/Projects/Testbed/MatrixTemplate/main.cpp:1:
/usr/include/c++/4.4/bits/stl_numeric.h: In function ‘_Tp std::accumulate(_InputIterator, _InputIterator, _Tp) [with _InputIterator = __gnu_cxx::__normal_iterator<T*, std::vector<T, std::allocator<T> > >, _Tp = float]’:
/media/KINGSTON/Projects/Testbed/MatrixTemplate/../../MathLib/MatrixTemplate/MatrixObject.h:274:   instantiated from ‘const U MathLibTemplate::SUM(const MathLibTemplate::Matrix<U>&) [with U = float, T = float]’
/media/KINGSTON/Projects/Testbed/MatrixTemplate/main.cpp:94:   instantiated from here
/usr/include/c++/4.4/bits/stl_numeric.h:122: error: no match for ‘operator+’ in ‘__init + __first.__gnu_cxx::__normal_iterator<_Iterator, _Container>::operator* [with _Iterator = T*, _Container = std::vector<T, std::allocator<T> >]()’
/usr/include/c++/4.4/bits/stl_bvector.h:264: note: candidates are: std::_Bit_iterator std::operator+(ptrdiff_t, const std::_Bit_iterator&)
/usr/include/c++/4.4/bits/stl_bvector.h:350: note:                 std::_Bit_const_iterator std::operator+(ptrdiff_t, const std::_Bit_const_iterator&)
In file included from /usr/include/c++/4.4/bits/char_traits.h:41,
                 from /usr/include/c++/4.4/ios:41,
                 from /usr/include/c++/4.4/ostream:40,
                 from /usr/include/c++/4.4/iostream:40,
                 from /media/KINGSTON/Projects/Testbed/MatrixTemplate/../../MathLib/MatrixTemplate/MatrixObject.h:4,
                 from /media/KINGSTON/Projects/Testbed/MatrixTemplate/main.cpp:1:
/usr/include/c++/4.4/bits/stl_algobase.h: In function ‘_OI std::__copy_move_a(_II, _II, _OI) [with bool _IsMove = false, _II = T*, _OI = std::ostream_iterator<float, char, std::char_traits<char> >]’:
/usr/include/c++/4.4/bits/stl_algobase.h:436:   instantiated from ‘_OI std::__copy_move_a2(_II, _II, _OI) [with bool _IsMove = false, _II = __gnu_cxx::__normal_iterator<T*, std::vector<T, std::allocator<T> > >, _OI = std::ostream_iterator<float, char, std::char_traits<char> >]’
/usr/include/c++/4.4/bits/stl_algobase.h:468:   instantiated from ‘_OI std::copy(_II, _II, _OI) [with _II = __gnu_cxx::__normal_iterator<T*, std::vector<T, std::allocator<T> > >, _OI = std::ostream_iterator<float, char, std::char_traits<char> >]’
/media/KINGSTON/Projects/Testbed/MatrixTemplate/../../MathLib/MatrixTemplate/MatrixObject.h:165:   instantiated from ‘std::ostream& MathLibTemplate::operator<<(std::ostream&, const MathLibTemplate::Matrix<U>&) [with U = float, T = float]’
/media/KINGSTON/Projects/Testbed/MatrixTemplate/main.cpp:27:   instantiated from here
/usr/include/c++/4.4/bits/stl_algobase.h:394: error: incomplete type ‘std::__copy_move_a(_II, _II, _OI) [with bool _IsMove = false, _II = T*, _OI = std::ostream_iterator<float, char, std::char_traits<char> >]::_ValueTypeI’ not allowed
/usr/include/c++/4.4/bits/stl_algobase.h:397: error: ‘__simple’ is not a valid template argument for type ‘bool’ because it is a non-constant expression
In file included from /media/KINGSTON/Projects/Testbed/MatrixTemplate/main.cpp:1:
/media/KINGSTON/Projects/Testbed/MatrixTemplate/../../MathLib/MatrixTemplate/MatrixObject.h: In member function ‘T MathLibTemplate::dsigmoid_functor<T>::operator()(const T&) [with T = float]’:
/media/KINGSTON/Projects/Testbed/MatrixTemplate/main.cpp:224:   instantiated from here
/media/KINGSTON/Projects/Testbed/MatrixTemplate/../../MathLib/MatrixTemplate/MatrixObject.h:76: error: ‘temp’ cannot be used as a function
make[2]: *** [MatrixTemplate/CMakeFiles/Test_MatrixTemplate.dir/main.cpp.o] Error 1
make[1]: *** [MatrixTemplate/CMakeFiles/Test_MatrixTemplate.dir/all] Error 2
make: *** [all] Error 2
